<?xml version="1.0" encoding="UTF-8"?>
<!-- Generated by org.testng.reporters.JUnitReportReporter -->
<testsuite hostname="LAPTOP-IJ4HBQLG" failures="0" tests="1" name="Test_Classes.Put_TC1" time="3.242" errors="0" timestamp="2023-07-02T17:08:19 IST" skipped="0">
  <testcase classname="Test_Classes.Put_TC1" name="extractor" time="3.242"/>
  <system-out/>
</testsuite> <!-- Test_Classes.Put_TC1 -->
